C:\Users\user\Documents\Visual Studio 2015\Angular4LibraryRepository\Angular4Demo\Angular4Demo\src\app\employee\userPreferences.service.js
C:\Users\user\Documents\Visual Studio 2015\Angular4LibraryRepository\Angular4Demo\Angular4Demo\src\app\employee\userPreferences.service.js.map
C:\Users\user\Documents\Visual Studio 2015\Angular4LibraryRepository\Angular4Demo\Angular4Demo\src\app\test.module.js
C:\Users\user\Documents\Visual Studio 2015\Angular4LibraryRepository\Angular4Demo\Angular4Demo\src\app\test.module.js.map
C:\Users\user\Documents\Visual Studio 2015\Angular4LibraryRepository\Angular4Demo\Angular4Demo\src\app\spinner\spinner.service.js
C:\Users\user\Documents\Visual Studio 2015\Angular4LibraryRepository\Angular4Demo\Angular4Demo\src\app\spinner\spinner.service.js.map
C:\Users\user\Documents\Visual Studio 2015\Angular4LibraryRepository\Angular4Demo\Angular4Demo\src\app\spinner\spinner.component.js
C:\Users\user\Documents\Visual Studio 2015\Angular4LibraryRepository\Angular4Demo\Angular4Demo\src\app\spinner\spinner.component.js.map
C:\Users\user\Documents\Visual Studio 2015\Angular4LibraryRepository\Angular4Demo\Angular4Demo\src\app\global\appGlobals.js
C:\Users\user\Documents\Visual Studio 2015\Angular4LibraryRepository\Angular4Demo\Angular4Demo\src\app\global\appGlobals.js.map
C:\Users\user\Documents\Visual Studio 2015\Angular4LibraryRepository\Angular4Demo\Angular4Demo\src\app\app.component.js
C:\Users\user\Documents\Visual Studio 2015\Angular4LibraryRepository\Angular4Demo\Angular4Demo\src\app\app.component.js.map
C:\Users\user\Documents\Visual Studio 2015\Angular4LibraryRepository\Angular4Demo\Angular4Demo\src\app\employee\employee.js
C:\Users\user\Documents\Visual Studio 2015\Angular4LibraryRepository\Angular4Demo\Angular4Demo\src\app\employee\employee.js.map
C:\Users\user\Documents\Visual Studio 2015\Angular4LibraryRepository\Angular4Demo\Angular4Demo\src\app\employee\employee.service.js
C:\Users\user\Documents\Visual Studio 2015\Angular4LibraryRepository\Angular4Demo\Angular4Demo\src\app\employee\employee.service.js.map
C:\Users\user\Documents\Visual Studio 2015\Angular4LibraryRepository\Angular4Demo\Angular4Demo\src\app\employee\employee.component.js
C:\Users\user\Documents\Visual Studio 2015\Angular4LibraryRepository\Angular4Demo\Angular4Demo\src\app\employee\employee.component.js.map
C:\Users\user\Documents\Visual Studio 2015\Angular4LibraryRepository\Angular4Demo\Angular4Demo\src\app\alert\alert.js
C:\Users\user\Documents\Visual Studio 2015\Angular4LibraryRepository\Angular4Demo\Angular4Demo\src\app\alert\alert.js.map
C:\Users\user\Documents\Visual Studio 2015\Angular4LibraryRepository\Angular4Demo\Angular4Demo\src\app\alert\alert.service.js
C:\Users\user\Documents\Visual Studio 2015\Angular4LibraryRepository\Angular4Demo\Angular4Demo\src\app\alert\alert.service.js.map
C:\Users\user\Documents\Visual Studio 2015\Angular4LibraryRepository\Angular4Demo\Angular4Demo\src\app\employee\employeeList.component.js
C:\Users\user\Documents\Visual Studio 2015\Angular4LibraryRepository\Angular4Demo\Angular4Demo\src\app\employee\employeeList.component.js.map
C:\Users\user\Documents\Visual Studio 2015\Angular4LibraryRepository\Angular4Demo\Angular4Demo\src\app\employee\employeeTitle.pipe.js
C:\Users\user\Documents\Visual Studio 2015\Angular4LibraryRepository\Angular4Demo\Angular4Demo\src\app\employee\employeeTitle.pipe.js.map
C:\Users\user\Documents\Visual Studio 2015\Angular4LibraryRepository\Angular4Demo\Angular4Demo\src\app\employee\employeeCount.component.js
C:\Users\user\Documents\Visual Studio 2015\Angular4LibraryRepository\Angular4Demo\Angular4Demo\src\app\employee\employeeCount.component.js.map
C:\Users\user\Documents\Visual Studio 2015\Angular4LibraryRepository\Angular4Demo\Angular4Demo\src\app\home\home.component.js
C:\Users\user\Documents\Visual Studio 2015\Angular4LibraryRepository\Angular4Demo\Angular4Demo\src\app\home\home.component.js.map
C:\Users\user\Documents\Visual Studio 2015\Angular4LibraryRepository\Angular4Demo\Angular4Demo\src\app\others\pageNotFound.component.js
C:\Users\user\Documents\Visual Studio 2015\Angular4LibraryRepository\Angular4Demo\Angular4Demo\src\app\others\pageNotFound.component.js.map
C:\Users\user\Documents\Visual Studio 2015\Angular4LibraryRepository\Angular4Demo\Angular4Demo\src\app\employee\createEmployee.component.js
C:\Users\user\Documents\Visual Studio 2015\Angular4LibraryRepository\Angular4Demo\Angular4Demo\src\app\employee\createEmployee.component.js.map
C:\Users\user\Documents\Visual Studio 2015\Angular4LibraryRepository\Angular4Demo\Angular4Demo\src\app\login\login.component.js
C:\Users\user\Documents\Visual Studio 2015\Angular4LibraryRepository\Angular4Demo\Angular4Demo\src\app\login\login.component.js.map
C:\Users\user\Documents\Visual Studio 2015\Angular4LibraryRepository\Angular4Demo\Angular4Demo\src\app\_guards\auth.guard.js
C:\Users\user\Documents\Visual Studio 2015\Angular4LibraryRepository\Angular4Demo\Angular4Demo\src\app\_guards\auth.guard.js.map
C:\Users\user\Documents\Visual Studio 2015\Angular4LibraryRepository\Angular4Demo\Angular4Demo\src\app\others\about.component.js
C:\Users\user\Documents\Visual Studio 2015\Angular4LibraryRepository\Angular4Demo\Angular4Demo\src\app\others\about.component.js.map
C:\Users\user\Documents\Visual Studio 2015\Angular4LibraryRepository\Angular4Demo\Angular4Demo\src\app\others\book.js
C:\Users\user\Documents\Visual Studio 2015\Angular4LibraryRepository\Angular4Demo\Angular4Demo\src\app\others\book.js.map
C:\Users\user\Documents\Visual Studio 2015\Angular4LibraryRepository\Angular4Demo\Angular4Demo\src\app\others\bookIssued.js
C:\Users\user\Documents\Visual Studio 2015\Angular4LibraryRepository\Angular4Demo\Angular4Demo\src\app\others\bookIssued.js.map
C:\Users\user\Documents\Visual Studio 2015\Angular4LibraryRepository\Angular4Demo\Angular4Demo\src\app\others\book.service.js
C:\Users\user\Documents\Visual Studio 2015\Angular4LibraryRepository\Angular4Demo\Angular4Demo\src\app\others\book.service.js.map
C:\Users\user\Documents\Visual Studio 2015\Angular4LibraryRepository\Angular4Demo\Angular4Demo\src\app\others\books.component.js
C:\Users\user\Documents\Visual Studio 2015\Angular4LibraryRepository\Angular4Demo\Angular4Demo\src\app\others\books.component.js.map
C:\Users\user\Documents\Visual Studio 2015\Angular4LibraryRepository\Angular4Demo\Angular4Demo\src\app\others\dailyBookIssue.component.js
C:\Users\user\Documents\Visual Studio 2015\Angular4LibraryRepository\Angular4Demo\Angular4Demo\src\app\others\dailyBookIssue.component.js.map
C:\Users\user\Documents\Visual Studio 2015\Angular4LibraryRepository\Angular4Demo\Angular4Demo\src\app\others\addNewBook.component.js
C:\Users\user\Documents\Visual Studio 2015\Angular4LibraryRepository\Angular4Demo\Angular4Demo\src\app\others\addNewBook.component.js.map
C:\Users\user\Documents\Visual Studio 2015\Angular4LibraryRepository\Angular4Demo\Angular4Demo\src\app\others\shelfs.component.js
C:\Users\user\Documents\Visual Studio 2015\Angular4LibraryRepository\Angular4Demo\Angular4Demo\src\app\others\shelfs.component.js.map
C:\Users\user\Documents\Visual Studio 2015\Angular4LibraryRepository\Angular4Demo\Angular4Demo\src\app\others\addNewShelf.component.js
C:\Users\user\Documents\Visual Studio 2015\Angular4LibraryRepository\Angular4Demo\Angular4Demo\src\app\others\addNewShelf.component.js.map
C:\Users\user\Documents\Visual Studio 2015\Angular4LibraryRepository\Angular4Demo\Angular4Demo\src\app\others\bookIssued.component.js
C:\Users\user\Documents\Visual Studio 2015\Angular4LibraryRepository\Angular4Demo\Angular4Demo\src\app\others\bookIssued.component.js.map
C:\Users\user\Documents\Visual Studio 2015\Angular4LibraryRepository\Angular4Demo\Angular4Demo\src\app\user\userBookDetails.js
C:\Users\user\Documents\Visual Studio 2015\Angular4LibraryRepository\Angular4Demo\Angular4Demo\src\app\user\userBookDetails.js.map
C:\Users\user\Documents\Visual Studio 2015\Angular4LibraryRepository\Angular4Demo\Angular4Demo\src\app\user\user.js
C:\Users\user\Documents\Visual Studio 2015\Angular4LibraryRepository\Angular4Demo\Angular4Demo\src\app\user\user.js.map
C:\Users\user\Documents\Visual Studio 2015\Angular4LibraryRepository\Angular4Demo\Angular4Demo\src\app\user\user.service.js
C:\Users\user\Documents\Visual Studio 2015\Angular4LibraryRepository\Angular4Demo\Angular4Demo\src\app\user\user.service.js.map
C:\Users\user\Documents\Visual Studio 2015\Angular4LibraryRepository\Angular4Demo\Angular4Demo\src\app\user\users.component.js
C:\Users\user\Documents\Visual Studio 2015\Angular4LibraryRepository\Angular4Demo\Angular4Demo\src\app\user\users.component.js.map
C:\Users\user\Documents\Visual Studio 2015\Angular4LibraryRepository\Angular4Demo\Angular4Demo\src\app\user\userDetails.component.js
C:\Users\user\Documents\Visual Studio 2015\Angular4LibraryRepository\Angular4Demo\Angular4Demo\src\app\user\userDetails.component.js.map
C:\Users\user\Documents\Visual Studio 2015\Angular4LibraryRepository\Angular4Demo\Angular4Demo\src\app\user\addUser.component.js
C:\Users\user\Documents\Visual Studio 2015\Angular4LibraryRepository\Angular4Demo\Angular4Demo\src\app\user\addUser.component.js.map
C:\Users\user\Documents\Visual Studio 2015\Angular4LibraryRepository\Angular4Demo\Angular4Demo\src\app\app.router.js
C:\Users\user\Documents\Visual Studio 2015\Angular4LibraryRepository\Angular4Demo\Angular4Demo\src\app\app.router.js.map
C:\Users\user\Documents\Visual Studio 2015\Angular4LibraryRepository\Angular4Demo\Angular4Demo\src\app\hero\hero.js
C:\Users\user\Documents\Visual Studio 2015\Angular4LibraryRepository\Angular4Demo\Angular4Demo\src\app\hero\hero.js.map
C:\Users\user\Documents\Visual Studio 2015\Angular4LibraryRepository\Angular4Demo\Angular4Demo\src\app\hero\hero-form.component.js
C:\Users\user\Documents\Visual Studio 2015\Angular4LibraryRepository\Angular4Demo\Angular4Demo\src\app\hero\hero-form.component.js.map
C:\Users\user\Documents\Visual Studio 2015\Angular4LibraryRepository\Angular4Demo\Angular4Demo\src\app\alert\alert.component.js
C:\Users\user\Documents\Visual Studio 2015\Angular4LibraryRepository\Angular4Demo\Angular4Demo\src\app\alert\alert.component.js.map
C:\Users\user\Documents\Visual Studio 2015\Angular4LibraryRepository\Angular4Demo\Angular4Demo\src\app\app.module.js
C:\Users\user\Documents\Visual Studio 2015\Angular4LibraryRepository\Angular4Demo\Angular4Demo\src\app\app.module.js.map
C:\Users\user\Documents\Visual Studio 2015\Angular4LibraryRepository\Angular4Demo\Angular4Demo\src\main.js
C:\Users\user\Documents\Visual Studio 2015\Angular4LibraryRepository\Angular4Demo\Angular4Demo\src\main.js.map
C:\Users\user\Documents\Visual Studio 2015\Angular4LibraryRepository\Angular4Demo\Angular4Demo\src\app\app.component.spec.js
C:\Users\user\Documents\Visual Studio 2015\Angular4LibraryRepository\Angular4Demo\Angular4Demo\src\app\app.component.spec.js.map
C:\Users\user\Documents\Visual Studio 2015\Angular4LibraryRepository\Angular4Demo\Angular4Demo\src\app\employee\editEmployee.component.js
C:\Users\user\Documents\Visual Studio 2015\Angular4LibraryRepository\Angular4Demo\Angular4Demo\src\app\employee\editEmployee.component.js.map
